2021/07/15 12:09:46 {"callers":["/go/src/blog-service/main.go: 28 main.init.0"],"level":"info","message":"lance: go-programming-tour-book/blog-service","time":1626350986689453800}
2021/07/15 12:47:54 {"callers":["/go/src/blog-service/main.go: 28 main.init.0"],"level":"info","message":"lance: go-programming-tour-book/blog-service","time":1626353274662762900}
2021/07/19 12:01:56 {"callers":["/go/src/blog-service/main.go: 32 main.init.0"],"level":"info","message":"lance: go-programming-tour-book/blog-service","time":1626696116619504700}
2021/07/19 12:02:30 {"callers":["/go/src/blog-service/main.go: 32 main.init.0"],"level":"info","message":"lance: go-programming-tour-book/blog-service","time":1626696150786888200}
2021/07/19 12:08:53 {"callers":["/go/src/blog-service/main.go: 32 main.init.0"],"level":"info","message":"lance: go-programming-tour-book/blog-service","time":1626696533492983700}
2021/07/19 12:11:23 {"callers":["/go/src/blog-service/main.go: 32 main.init.0"],"level":"info","message":"lance: go-programming-tour-book/blog-service","time":1626696683565648600}
2021/07/19 12:14:48 {"callers":["/go/src/blog-service/main.go: 32 main.init.0"],"level":"info","message":"lance: go-programming-tour-book/blog-service","time":1626696888313089100}
2021/07/19 12:26:18 {"callers":["/go/src/blog-service/main.go: 32 main.init.0"],"level":"info","message":"lance: go-programming-tour-book/blog-service","time":1626697578931157000}
2021/07/20 12:50:43 {"callers":["/go/src/blog-service/main.go: 32 main.init.0"],"level":"info","message":"lance: go-programming-tour-book/blog-service","time":1626785443980313300}
2021/07/20 12:51:46 {"callers":["/go/src/blog-service/main.go: 32 main.init.0"],"level":"info","message":"lance: go-programming-tour-book/blog-service","time":1626785506748288000}
2021/07/21 11:43:23 {"callers":["/go/src/blog-service/main.go: 32 main.init.0"],"level":"error","message":"app.BindAndValid errs: Key: 'State' Error:Field validation for 'State' failed on the 'oneof' tag","time":1626867803553148500}
2021/07/26 09:33:38 {"callers":["/go/src/blog-service/main.go: 32 main.init.0"],"level":"error","message":"app.BindAndValid errs: Key: 'UpdateTagRequest.ID' Error:Field validation for 'ID' failed on the 'required' tag,Key: 'UpdateTagRequest.Name' Error:Field validation for 'Name' failed on the 'min' tag,Key: 'UpdateTagRequest.State' Error:Field validation for 'State' failed on the 'required' tag","time":1627292018241897300}
2021/07/26 09:34:06 {"callers":["/go/src/blog-service/main.go: 32 main.init.0"],"level":"error","message":"app.BindAndValid errs: Key: 'UpdateTagRequest.ID' Error:Field validation for 'ID' failed on the 'required' tag,Key: 'UpdateTagRequest.Name' Error:Field validation for 'Name' failed on the 'min' tag,Key: 'UpdateTagRequest.State' Error:Field validation for 'State' failed on the 'required' tag","time":1627292046803122000}
2021/07/26 09:34:35 {"callers":["/go/src/blog-service/main.go: 32 main.init.0"],"level":"error","message":"app.BindAndValid errs: Key: 'UpdateTagRequest.ID' Error:Field validation for 'ID' failed on the 'required' tag,Key: 'UpdateTagRequest.Name' Error:Field validation for 'Name' failed on the 'min' tag,Key: 'UpdateTagRequest.State' Error:Field validation for 'State' failed on the 'required' tag","time":1627292075562975300}
2021/07/26 09:35:23 {"callers":["/go/src/blog-service/main.go: 32 main.init.0"],"level":"error","message":"app.BindAndValid errs: Key: 'UpdateTagRequest.ID' Error:Field validation for 'ID' failed on the 'required' tag,Key: 'UpdateTagRequest.Name' Error:Field validation for 'Name' failed on the 'min' tag,Key: 'UpdateTagRequest.State' Error:Field validation for 'State' failed on the 'required' tag","time":1627292123587188800}
2021/07/26 09:38:37 {"callers":["/go/src/blog-service/main.go: 32 main.init.0"],"level":"error","message":"app.BindAndValid errs: Key: 'UpdateTagRequest.ID' Error:Field validation for 'ID' failed on the 'required' tag,Key: 'UpdateTagRequest.State' Error:Field validation for 'State' failed on the 'required' tag","time":1627292317103738600}
2021/07/26 09:38:52 {"callers":["/go/src/blog-service/main.go: 32 main.init.0"],"level":"error","message":"app.BindAndValid errs: Key: 'UpdateTagRequest.ID' Error:Field validation for 'ID' failed on the 'required' tag,Key: 'UpdateTagRequest.State' Error:Field validation for 'State' failed on the 'required' tag","time":1627292332514914200}
2021/07/26 09:42:10 {"callers":["/go/src/blog-service/main.go: 32 main.init.0"],"level":"error","message":"app.BindAndValid errs: Key: 'UpdateTagRequest.ID' Error:Field validation for 'ID' failed on the 'required' tag","time":1627292530874580800}
2021/07/26 09:43:50 {"callers":["/go/src/blog-service/main.go: 32 main.init.0"],"level":"error","message":"app.BindAndValid errs: Key: 'UpdateTagRequest.ID' Error:Field validation for 'ID' failed on the 'required' tag","time":1627292630423362900}
2021/07/26 09:54:59 {"callers":["/go/src/blog-service/main.go: 32 main.init.0"],"level":"error","message":"app.BindAndValid errs: Key: 'DeleteTagRequest.ID' Error:Field validation for 'ID' failed on the 'required' tag","time":1627293299827307900}
